[16:06:11] [ServerMain/INFO]: Environment: Environment[accountsHost=https://api.mojang.com, sessionHost=https://sessionserver.mojang.com, servicesHost=https://api.minecraftservices.com, name=PROD]
[16:06:12] [ServerMain/ERROR]: Couldn't load pack metadata
com.google.gson.JsonSyntaxException: Expected pack to be a JsonObject, was a number (1)
	at net.minecraft.util.ChatDeserializer.m(SourceFile:416) ~[spigot-1.20.2-R0.1-SNAPSHOT.jar:3926-Spigot-dba3cdc-ffb1319]
	at net.minecraft.util.ChatDeserializer.u(SourceFile:422) ~[spigot-1.20.2-R0.1-SNAPSHOT.jar:3926-Spigot-dba3cdc-ffb1319]
	at net.minecraft.server.packs.ResourcePackAbstract.a(SourceFile:53) ~[spigot-1.20.2-R0.1-SNAPSHOT.jar:3926-Spigot-dba3cdc-ffb1319]
	at net.minecraft.server.packs.ResourcePackAbstract.a(SourceFile:35) ~[spigot-1.20.2-R0.1-SNAPSHOT.jar:3926-Spigot-dba3cdc-ffb1319]
	at net.minecraft.server.packs.repository.ResourcePackLoader.a(SourceFile:69) ~[spigot-1.20.2-R0.1-SNAPSHOT.jar:3926-Spigot-dba3cdc-ffb1319]
	at net.minecraft.server.packs.repository.ResourcePackLoader.a(SourceFile:47) ~[spigot-1.20.2-R0.1-SNAPSHOT.jar:3926-Spigot-dba3cdc-ffb1319]
	at net.minecraft.server.packs.repository.ResourcePackSourceFolder.a(SourceFile:55) ~[spigot-1.20.2-R0.1-SNAPSHOT.jar:3926-Spigot-dba3cdc-ffb1319]
	at net.minecraft.server.packs.repository.ResourcePackSourceFolder.a(SourceFile:76) ~[spigot-1.20.2-R0.1-SNAPSHOT.jar:3926-Spigot-dba3cdc-ffb1319]
	at net.minecraft.server.packs.repository.ResourcePackSourceFolder.a(SourceFile:50) ~[spigot-1.20.2-R0.1-SNAPSHOT.jar:3926-Spigot-dba3cdc-ffb1319]
	at net.minecraft.server.packs.repository.ResourcePackRepository.h(SourceFile:39) ~[spigot-1.20.2-R0.1-SNAPSHOT.jar:3926-Spigot-dba3cdc-ffb1319]
	at net.minecraft.server.packs.repository.ResourcePackRepository.a(SourceFile:32) ~[spigot-1.20.2-R0.1-SNAPSHOT.jar:3926-Spigot-dba3cdc-ffb1319]
	at net.minecraft.server.MinecraftServer.a(MinecraftServer.java:1813) ~[spigot-1.20.2-R0.1-SNAPSHOT.jar:3926-Spigot-dba3cdc-ffb1319]
	at net.minecraft.server.WorldLoader$d.a(SourceFile:97) ~[spigot-1.20.2-R0.1-SNAPSHOT.jar:3926-Spigot-dba3cdc-ffb1319]
	at net.minecraft.server.WorldLoader.a(SourceFile:29) ~[spigot-1.20.2-R0.1-SNAPSHOT.jar:3926-Spigot-dba3cdc-ffb1319]
	at net.minecraft.server.Main.lambda$0(Main.java:218) ~[spigot-1.20.2-R0.1-SNAPSHOT.jar:3926-Spigot-dba3cdc-ffb1319]
	at net.minecraft.SystemUtils.a(SourceFile:945) ~[spigot-1.20.2-R0.1-SNAPSHOT.jar:3926-Spigot-dba3cdc-ffb1319]
	at net.minecraft.SystemUtils.c(SourceFile:939) ~[spigot-1.20.2-R0.1-SNAPSHOT.jar:3926-Spigot-dba3cdc-ffb1319]
	at net.minecraft.server.Main.main(Main.java:217) ~[spigot-1.20.2-R0.1-SNAPSHOT.jar:3926-Spigot-dba3cdc-ffb1319]
	at org.bukkit.craftbukkit.Main.main(Main.java:225) ~[spigot-1.20.2-R0.1-SNAPSHOT.jar:3926-Spigot-dba3cdc-ffb1319]
	at org.bukkit.craftbukkit.bootstrap.Main.lambda$1(Main.java:60) ~[spigot_server-1.20.2.jar:?]
	at java.lang.Thread.run(Unknown Source) ~[?:?]
[16:06:12] [ServerMain/WARN]: Missing metadata in pack file/HandS
[16:06:12] [ServerMain/WARN]: Missing metadata in pack file/HandS.zip
[16:06:14] [ServerMain/INFO]: Loaded 7 recipes
[16:06:15] [Server thread/INFO]: Starting minecraft server version 1.20.2
[16:06:15] [Server thread/INFO]: Loading properties
[16:06:15] [Server thread/INFO]: This server is running CraftBukkit version 3926-Spigot-dba3cdc-ffb1319 (MC: 1.20.2) (Implementing API version 1.20.2-R0.1-SNAPSHOT)
[16:06:16] [Server thread/WARN]: Unable to read file whitelist.json, backing it up to {0}.backup and creating new copy.
com.google.gson.JsonSyntaxException: com.google.gson.stream.MalformedJsonException: Use JsonReader.setLenient(true) to accept malformed JSON at line 2 column 2 path $
	at com.google.gson.Gson.assertFullConsumption(Gson.java:1148) ~[gson-2.10.1.jar:?]
	at com.google.gson.Gson.fromJson(Gson.java:1138) ~[gson-2.10.1.jar:?]
	at com.google.gson.Gson.fromJson(Gson.java:1075) ~[gson-2.10.1.jar:?]
	at net.minecraft.server.players.JsonList.f(JsonList.java:161) ~[spigot-1.20.2-R0.1-SNAPSHOT.jar:3926-Spigot-dba3cdc-ffb1319]
	at net.minecraft.server.dedicated.DedicatedPlayerList.C(SourceFile:109) ~[spigot-1.20.2-R0.1-SNAPSHOT.jar:3926-Spigot-dba3cdc-ffb1319]
	at net.minecraft.server.dedicated.DedicatedPlayerList.<init>(SourceFile:29) ~[spigot-1.20.2-R0.1-SNAPSHOT.jar:3926-Spigot-dba3cdc-ffb1319]
	at net.minecraft.server.dedicated.DedicatedServer.e(DedicatedServer.java:183) ~[spigot-1.20.2-R0.1-SNAPSHOT.jar:3926-Spigot-dba3cdc-ffb1319]
	at net.minecraft.server.MinecraftServer.w(MinecraftServer.java:954) ~[spigot-1.20.2-R0.1-SNAPSHOT.jar:3926-Spigot-dba3cdc-ffb1319]
	at net.minecraft.server.MinecraftServer.lambda$0(MinecraftServer.java:298) ~[spigot-1.20.2-R0.1-SNAPSHOT.jar:3926-Spigot-dba3cdc-ffb1319]
	at java.lang.Thread.run(Unknown Source) ~[?:?]
Caused by: com.google.gson.stream.MalformedJsonException: Use JsonReader.setLenient(true) to accept malformed JSON at line 2 column 2 path $
	at com.google.gson.stream.JsonReader.syntaxError(JsonReader.java:1659) ~[gson-2.10.1.jar:?]
	at com.google.gson.stream.JsonReader.checkLenient(JsonReader.java:1465) ~[gson-2.10.1.jar:?]
	at com.google.gson.stream.JsonReader.doPeek(JsonReader.java:551) ~[gson-2.10.1.jar:?]
	at com.google.gson.stream.JsonReader.peek(JsonReader.java:433) ~[gson-2.10.1.jar:?]
	at com.google.gson.Gson.assertFullConsumption(Gson.java:1144) ~[gson-2.10.1.jar:?]
	... 9 more
[16:06:16] [Server thread/INFO]: Debug logging is disabled
[16:06:16] [Server thread/INFO]: Server Ping Player Sample Count: 12
[16:06:16] [Server thread/INFO]: Using 4 threads for Netty based IO
[16:06:16] [Server thread/INFO]: Default game type: SURVIVAL
[16:06:16] [Server thread/INFO]: Generating keypair
[16:06:16] [Server thread/INFO]: Starting Minecraft server on *:25565
[16:06:16] [Server thread/INFO]: Using epoll channel type
[16:06:16] [Server thread/WARN]: **** SERVER IS RUNNING IN OFFLINE/INSECURE MODE!
[16:06:16] [Server thread/WARN]: The server will make no attempt to authenticate usernames. Beware.
[16:06:16] [Server thread/WARN]: While this makes the game possible to play without internet access, it also opens up the ability for hackers to connect with any username they choose.
[16:06:16] [Server thread/WARN]: To change this, set "online-mode" to "true" in the server.properties file.
[16:06:16] [Server thread/INFO]: Preparing level "world"
[16:06:16] [Server thread/INFO]: -------- World Settings For [world] --------
[16:06:16] [Server thread/INFO]: Experience Merge Radius: 3.0
[16:06:16] [Server thread/INFO]: Mob Spawn Range: 6
[16:06:16] [Server thread/INFO]: Cactus Growth Modifier: 100%
[16:06:16] [Server thread/INFO]: Cane Growth Modifier: 100%
[16:06:16] [Server thread/INFO]: Melon Growth Modifier: 100%
[16:06:16] [Server thread/INFO]: Mushroom Growth Modifier: 100%
[16:06:16] [Server thread/INFO]: Pumpkin Growth Modifier: 100%
[16:06:16] [Server thread/INFO]: Sapling Growth Modifier: 100%
[16:06:16] [Server thread/INFO]: Beetroot Growth Modifier: 100%
[16:06:16] [Server thread/INFO]: Carrot Growth Modifier: 100%
[16:06:16] [Server thread/INFO]: Potato Growth Modifier: 100%
[16:06:16] [Server thread/INFO]: Wheat Growth Modifier: 100%
[16:06:16] [Server thread/INFO]: NetherWart Growth Modifier: 100%
[16:06:16] [Server thread/INFO]: Vine Growth Modifier: 100%
[16:06:16] [Server thread/INFO]: Cocoa Growth Modifier: 100%
[16:06:16] [Server thread/INFO]: Bamboo Growth Modifier: 100%
[16:06:16] [Server thread/INFO]: SweetBerry Growth Modifier: 100%
[16:06:16] [Server thread/INFO]: Kelp Growth Modifier: 100%
[16:06:16] [Server thread/INFO]: TwistingVines Growth Modifier: 100%
[16:06:16] [Server thread/INFO]: WeepingVines Growth Modifier: 100%
[16:06:16] [Server thread/INFO]: CaveVines Growth Modifier: 100%
[16:06:16] [Server thread/INFO]: Entity Activation Range: An 32 / Mo 32 / Ra 48 / Mi 16 / Tiv true / Isa false
[16:06:16] [Server thread/INFO]: Entity Tracking Range: Pl 48 / An 48 / Mo 48 / Mi 32 / Di 128 / Other 64
[16:06:16] [Server thread/INFO]: Hopper Transfer: 8 Hopper Check: 1 Hopper Amount: 1 Hopper Can Load Chunks: false
[16:06:16] [Server thread/INFO]: Custom Map Seeds:  Village: 10387312 Desert: 14357617 Igloo: 14357618 Jungle: 14357619 Swamp: 14357620 Monument: 10387313 Ocean: 14357621 Shipwreck: 165745295 End City: 10387313 Slime: 987234911 Nether: 30084232 Mansion: 10387319 Fossil: 14357921 Portal: 34222645
[16:06:16] [Server thread/INFO]: Max TNT Explosions: 100
[16:06:16] [Server thread/INFO]: Tile Max Tick Time: 50ms Entity max Tick Time: 50ms
[16:06:16] [Server thread/INFO]: Item Merge Radius: 2.5
[16:06:16] [Server thread/INFO]: Item Despawn Rate: 6000
[16:06:16] [Server thread/INFO]: View Distance: 10
[16:06:16] [Server thread/INFO]: Simulation Distance: 10
[16:06:16] [Server thread/INFO]: Allow Zombie Pigmen to spawn from portal blocks: true
[16:06:16] [Server thread/INFO]: Arrow Despawn Rate: 1200 Trident Respawn Rate:1200
[16:06:16] [Server thread/INFO]: Zombie Aggressive Towards Villager: true
[16:06:16] [Server thread/INFO]: Nerfing mobs spawned from spawners: false
[16:06:17] [Server thread/INFO]: -------- World Settings For [world_nether] --------
[16:06:17] [Server thread/INFO]: Experience Merge Radius: 3.0
[16:06:17] [Server thread/INFO]: Mob Spawn Range: 6
[16:06:17] [Server thread/INFO]: Cactus Growth Modifier: 100%
[16:06:17] [Server thread/INFO]: Cane Growth Modifier: 100%
[16:06:17] [Server thread/INFO]: Melon Growth Modifier: 100%
[16:06:17] [Server thread/INFO]: Mushroom Growth Modifier: 100%
[16:06:17] [Server thread/INFO]: Pumpkin Growth Modifier: 100%
[16:06:17] [Server thread/INFO]: Sapling Growth Modifier: 100%
[16:06:17] [Server thread/INFO]: Beetroot Growth Modifier: 100%
[16:06:17] [Server thread/INFO]: Carrot Growth Modifier: 100%
[16:06:17] [Server thread/INFO]: Potato Growth Modifier: 100%
[16:06:17] [Server thread/INFO]: Wheat Growth Modifier: 100%
[16:06:17] [Server thread/INFO]: NetherWart Growth Modifier: 100%
[16:06:17] [Server thread/INFO]: Vine Growth Modifier: 100%
[16:06:17] [Server thread/INFO]: Cocoa Growth Modifier: 100%
[16:06:17] [Server thread/INFO]: Bamboo Growth Modifier: 100%
[16:06:17] [Server thread/INFO]: SweetBerry Growth Modifier: 100%
[16:06:17] [Server thread/INFO]: Kelp Growth Modifier: 100%
[16:06:17] [Server thread/INFO]: TwistingVines Growth Modifier: 100%
[16:06:17] [Server thread/INFO]: WeepingVines Growth Modifier: 100%
[16:06:17] [Server thread/INFO]: CaveVines Growth Modifier: 100%
[16:06:17] [Server thread/INFO]: Entity Activation Range: An 32 / Mo 32 / Ra 48 / Mi 16 / Tiv true / Isa false
[16:06:17] [Server thread/INFO]: Entity Tracking Range: Pl 48 / An 48 / Mo 48 / Mi 32 / Di 128 / Other 64
[16:06:17] [Server thread/INFO]: Hopper Transfer: 8 Hopper Check: 1 Hopper Amount: 1 Hopper Can Load Chunks: false
[16:06:17] [Server thread/INFO]: Custom Map Seeds:  Village: 10387312 Desert: 14357617 Igloo: 14357618 Jungle: 14357619 Swamp: 14357620 Monument: 10387313 Ocean: 14357621 Shipwreck: 165745295 End City: 10387313 Slime: 987234911 Nether: 30084232 Mansion: 10387319 Fossil: 14357921 Portal: 34222645
[16:06:17] [Server thread/INFO]: Max TNT Explosions: 100
[16:06:17] [Server thread/INFO]: Tile Max Tick Time: 50ms Entity max Tick Time: 50ms
[16:06:17] [Server thread/INFO]: Item Merge Radius: 2.5
[16:06:17] [Server thread/INFO]: Item Despawn Rate: 6000
[16:06:17] [Server thread/INFO]: View Distance: 10
[16:06:17] [Server thread/INFO]: Simulation Distance: 10
[16:06:17] [Server thread/INFO]: Allow Zombie Pigmen to spawn from portal blocks: true
[16:06:17] [Server thread/INFO]: Arrow Despawn Rate: 1200 Trident Respawn Rate:1200
[16:06:17] [Server thread/INFO]: Zombie Aggressive Towards Villager: true
[16:06:17] [Server thread/INFO]: Nerfing mobs spawned from spawners: false
[16:06:18] [Server thread/INFO]: -------- World Settings For [world_the_end] --------
[16:06:18] [Server thread/INFO]: Experience Merge Radius: 3.0
[16:06:18] [Server thread/INFO]: Mob Spawn Range: 6
[16:06:18] [Server thread/INFO]: Cactus Growth Modifier: 100%
[16:06:18] [Server thread/INFO]: Cane Growth Modifier: 100%
[16:06:18] [Server thread/INFO]: Melon Growth Modifier: 100%
[16:06:18] [Server thread/INFO]: Mushroom Growth Modifier: 100%
[16:06:18] [Server thread/INFO]: Pumpkin Growth Modifier: 100%
[16:06:18] [Server thread/INFO]: Sapling Growth Modifier: 100%
[16:06:18] [Server thread/INFO]: Beetroot Growth Modifier: 100%
[16:06:18] [Server thread/INFO]: Carrot Growth Modifier: 100%
[16:06:18] [Server thread/INFO]: Potato Growth Modifier: 100%
[16:06:18] [Server thread/INFO]: Wheat Growth Modifier: 100%
[16:06:18] [Server thread/INFO]: NetherWart Growth Modifier: 100%
[16:06:18] [Server thread/INFO]: Vine Growth Modifier: 100%
[16:06:18] [Server thread/INFO]: Cocoa Growth Modifier: 100%
[16:06:18] [Server thread/INFO]: Bamboo Growth Modifier: 100%
[16:06:18] [Server thread/INFO]: SweetBerry Growth Modifier: 100%
[16:06:18] [Server thread/INFO]: Kelp Growth Modifier: 100%
[16:06:18] [Server thread/INFO]: TwistingVines Growth Modifier: 100%
[16:06:18] [Server thread/INFO]: WeepingVines Growth Modifier: 100%
[16:06:18] [Server thread/INFO]: CaveVines Growth Modifier: 100%
[16:06:18] [Server thread/INFO]: Entity Activation Range: An 32 / Mo 32 / Ra 48 / Mi 16 / Tiv true / Isa false
[16:06:18] [Server thread/INFO]: Entity Tracking Range: Pl 48 / An 48 / Mo 48 / Mi 32 / Di 128 / Other 64
[16:06:18] [Server thread/INFO]: Hopper Transfer: 8 Hopper Check: 1 Hopper Amount: 1 Hopper Can Load Chunks: false
[16:06:18] [Server thread/INFO]: Custom Map Seeds:  Village: 10387312 Desert: 14357617 Igloo: 14357618 Jungle: 14357619 Swamp: 14357620 Monument: 10387313 Ocean: 14357621 Shipwreck: 165745295 End City: 10387313 Slime: 987234911 Nether: 30084232 Mansion: 10387319 Fossil: 14357921 Portal: 34222645
[16:06:18] [Server thread/INFO]: Max TNT Explosions: 100
[16:06:18] [Server thread/INFO]: Tile Max Tick Time: 50ms Entity max Tick Time: 50ms
[16:06:18] [Server thread/INFO]: Item Merge Radius: 2.5
[16:06:18] [Server thread/INFO]: Item Despawn Rate: 6000
[16:06:18] [Server thread/INFO]: View Distance: 10
[16:06:18] [Server thread/INFO]: Simulation Distance: 10
[16:06:18] [Server thread/INFO]: Allow Zombie Pigmen to spawn from portal blocks: true
[16:06:18] [Server thread/INFO]: Arrow Despawn Rate: 1200 Trident Respawn Rate:1200
[16:06:18] [Server thread/INFO]: Zombie Aggressive Towards Villager: true
[16:06:18] [Server thread/INFO]: Nerfing mobs spawned from spawners: false
[16:06:18] [Server thread/INFO]: Preparing start region for dimension minecraft:overworld
[16:06:20] [Worker-Main-11/INFO]: Preparing spawn area: 0%
[16:06:20] [Worker-Main-5/INFO]: Preparing spawn area: 0%
[16:06:20] [Worker-Main-5/INFO]: Preparing spawn area: 0%
[16:06:20] [Worker-Main-8/INFO]: Preparing spawn area: 0%
[16:06:20] [Worker-Main-7/INFO]: Preparing spawn area: 0%
[16:06:20] [Worker-Main-4/INFO]: Preparing spawn area: 0%
[16:06:21] [Worker-Main-1/INFO]: Preparing spawn area: 0%
[16:06:21] [Worker-Main-10/INFO]: Preparing spawn area: 4%
[16:06:22] [Worker-Main-7/INFO]: Preparing spawn area: 68%
[16:06:22] [Server thread/INFO]: Time elapsed: 4249 ms
[16:06:22] [Server thread/INFO]: Preparing start region for dimension minecraft:the_nether
[16:06:29] [Worker-Main-5/INFO]: Preparing spawn area: 0%
[16:06:30] [Worker-Main-9/INFO]: Preparing spawn area: 0%
[16:06:30] [Worker-Main-5/INFO]: Preparing spawn area: 0%
[16:06:30] [Worker-Main-6/INFO]: Preparing spawn area: 0%
[16:06:30] [Worker-Main-6/INFO]: Preparing spawn area: 0%
[16:06:30] [Worker-Main-1/INFO]: Preparing spawn area: 0%
[16:06:31] [Worker-Main-1/INFO]: Preparing spawn area: 0%
[16:06:31] [Worker-Main-1/INFO]: Preparing spawn area: 0%
[16:06:31] [Worker-Main-1/INFO]: Preparing spawn area: 0%
[16:06:31] [Worker-Main-1/INFO]: Preparing spawn area: 0%
[16:06:31] [Worker-Main-2/INFO]: Preparing spawn area: 0%
[16:06:32] [Worker-Main-2/INFO]: Preparing spawn area: 0%
[16:06:32] [Worker-Main-1/INFO]: Preparing spawn area: 0%
[16:06:32] [Worker-Main-1/INFO]: Preparing spawn area: 0%
[16:06:32] [Worker-Main-1/INFO]: Preparing spawn area: 0%
[16:06:32] [Worker-Main-8/INFO]: Preparing spawn area: 0%
[16:06:32] [Worker-Main-6/INFO]: Preparing spawn area: 0%
[16:06:33] [Worker-Main-8/INFO]: Preparing spawn area: 0%
[16:06:33] [Worker-Main-1/INFO]: Preparing spawn area: 0%
[16:06:33] [Worker-Main-1/INFO]: Preparing spawn area: 0%
[16:06:33] [Worker-Main-6/INFO]: Preparing spawn area: 0%
[16:06:33] [Worker-Main-6/INFO]: Preparing spawn area: 0%
[16:06:34] [Worker-Main-1/INFO]: Preparing spawn area: 0%
[16:06:34] [Worker-Main-1/INFO]: Preparing spawn area: 0%
[16:06:34] [Worker-Main-2/INFO]: Preparing spawn area: 12%
[16:06:35] [Server thread/INFO]: Time elapsed: 12463 ms
[16:06:35] [Server thread/INFO]: Preparing start region for dimension minecraft:the_end
[16:06:43] [Worker-Main-7/INFO]: Preparing spawn area: 0%
[16:06:43] [Worker-Main-7/INFO]: Preparing spawn area: 0%
[16:06:43] [Worker-Main-8/INFO]: Preparing spawn area: 0%
[16:06:43] [Worker-Main-8/INFO]: Preparing spawn area: 0%
[16:06:43] [Worker-Main-8/INFO]: Preparing spawn area: 0%
[16:06:44] [Worker-Main-8/INFO]: Preparing spawn area: 0%
[16:06:44] [Worker-Main-8/INFO]: Preparing spawn area: 0%
[16:06:44] [Worker-Main-8/INFO]: Preparing spawn area: 0%
[16:06:44] [Worker-Main-8/INFO]: Preparing spawn area: 0%
[16:06:44] [Worker-Main-8/INFO]: Preparing spawn area: 0%
[16:06:45] [Worker-Main-8/INFO]: Preparing spawn area: 0%
[16:06:45] [Worker-Main-8/INFO]: Preparing spawn area: 0%
[16:06:45] [Worker-Main-7/INFO]: Preparing spawn area: 0%
[16:06:45] [Worker-Main-11/INFO]: Preparing spawn area: 0%
[16:06:45] [Worker-Main-7/INFO]: Preparing spawn area: 0%
[16:06:46] [Worker-Main-4/INFO]: Preparing spawn area: 0%
[16:06:46] [Worker-Main-4/INFO]: Preparing spawn area: 0%
[16:06:46] [Worker-Main-8/INFO]: Preparing spawn area: 0%
[16:06:46] [Worker-Main-8/INFO]: Preparing spawn area: 0%
[16:06:46] [Worker-Main-6/INFO]: Preparing spawn area: 0%
[16:06:46] [Worker-Main-4/INFO]: Preparing spawn area: 0%
[16:06:46] [Worker-Main-4/INFO]: Preparing spawn area: 0%
[16:06:46] [Worker-Main-4/INFO]: Preparing spawn area: 0%
[16:06:46] [Worker-Main-10/INFO]: Preparing spawn area: 51%
[16:06:46] [Server thread/INFO]: Time elapsed: 11740 ms
[16:06:46] [Server thread/INFO]: Server permissions file permissions.yml is empty, ignoring it
[16:06:46] [Server thread/INFO]: Done (29.979s)! For help, type "help"
[16:06:46] [Server thread/INFO]: Starting remote control listener
[16:06:46] [Server thread/INFO]: Thread RCON Listener started
[16:06:46] [Server thread/INFO]: RCON running on 0.0.0.0:25575
[16:07:09] [RCON Listener #1/INFO]: Thread RCON Client /127.0.0.1 started
[16:07:09] [RCON Client /127.0.0.1 #2/INFO]: Thread RCON Client /127.0.0.1 shutting down
[16:07:09] [Server thread/INFO]: Stopping server
[16:07:09] [Server thread/INFO]: Saving players
[16:07:09] [Server thread/INFO]: Saving worlds
[16:07:11] [Server thread/INFO]: Saving chunks for level 'ServerLevel[world]'/minecraft:overworld
[16:07:11] [Server thread/INFO]: Saving chunks for level 'ServerLevel[world_nether]'/minecraft:the_nether
[16:07:12] [Server thread/INFO]: Saving chunks for level 'ServerLevel[world_the_end]'/minecraft:the_end
[16:07:12] [Server thread/INFO]: ThreadedAnvilChunkStorage (world): All chunks are saved
[16:07:12] [Server thread/INFO]: ThreadedAnvilChunkStorage (DIM-1): All chunks are saved
[16:07:12] [Server thread/INFO]: ThreadedAnvilChunkStorage (DIM1): All chunks are saved
[16:07:12] [Server thread/INFO]: ThreadedAnvilChunkStorage: All dimensions are saved
[16:07:12] [Server thread/INFO]: Thread RCON Listener stopped
